<?xml version="1.0" encoding="UTF-8"?>
<!-- Generated by org.testng.reporters.JUnitReportReporter -->
<testsuite hostname="DESKTOP-MLTRAJI" failures="0" tests="1" name="myProject.BookingTest" time="6.675" errors="0" timestamp="2024-06-30T02:19:33 IST" skipped="0">
  <testcase classname="myProject.BookingTest" name="loginToBooking" time="6.675"/>
  <system-out>
    <![CDATA[[Info] Save Image File Path : D:\Assignment parabank\BuildFrame\screenshots\IMG_2024_06_30_02_19_31.png]]>
  </system-out>
</testsuite> <!-- myProject.BookingTest -->
